<?xml version="1.0" encoding="UTF-8"?>
<!-- Generated by org.testng.reporters.JUnitXMLReporter -->
<testsuite hostname="DESKTOP-FSJF2OQ" ignored="0" name="Command line test" tests="5" failures="2" timestamp="2021-08-30T16:37:34 IST" time="25.788" errors="0">
  <testcase name="demo" time="0.0" classname="test.Day1">
    <failure type="org.testng.TestNGException" message="
Parameter &amp;apos;name&amp;apos; is required by @Test on method demo but has not been marked @Optional or defined
">
      <![CDATA[org.testng.TestNGException: 
Parameter 'name' is required by @Test on method demo but has not been marked @Optional or defined

at java.util.ArrayList.forEach(ArrayList.java:1259)
... Removed 36 stack frames]]>
    </failure>
  </testcase> <!-- demo -->
  <testcase name="demo1" time="0.0" classname="test.Day1">
    <failure type="org.testng.TestNGException" message="
Parameter &amp;apos;name&amp;apos; is required by @Test on method demo1 but has not been marked @Optional or defined
">
      <![CDATA[org.testng.TestNGException: 
Parameter 'name' is required by @Test on method demo1 but has not been marked @Optional or defined

at java.util.ArrayList.forEach(ArrayList.java:1259)
... Removed 36 stack frames]]>
    </failure>
  </testcase> <!-- demo1 -->
  <testcase name="demo4" time="9.024" classname="test.Day1"/>
  <testcase name="demo4" time="8.307" classname="test.Day1"/>
  <testcase name="demo4" time="7.727" classname="test.Day1"/>
</testsuite> <!-- Command line test -->
